{"C:\\NestJS\\practice\\src\\Interfaces\\rest\\barbermans\\v1\\barbermans\\v1-barbermans.controller.ts": {"path":"C:\\NestJS\\practice\\src\\Interfaces\\rest\\barbermans\\v1\\barbermans\\v1-barbermans.controller.ts","statementMap":{"0":{"start":{"line":1,"column":0},"end":{"line":1,"column":null}},"1":{"start":{"line":12,"column":0},"end":{"line":12,"column":55}},"2":{"start":{"line":13,"column":0},"end":{"line":13,"column":75}},"3":{"start":{"line":14,"column":0},"end":{"line":14,"column":100}},"4":{"start":{"line":15,"column":0},"end":{"line":15,"column":90}},"5":{"start":{"line":18,"column":0},"end":{"line":18,"column":71}},"6":{"start":{"line":19,"column":0},"end":{"line":19,"column":70}},"7":{"start":{"line":24,"column":0},"end":{"line":51,"column":null}},"8":{"start":{"line":26,"column":12},"end":{"line":26,"column":31}},"9":{"start":{"line":27,"column":12},"end":{"line":27,"column":35}},"10":{"start":{"line":40,"column":4},"end":{"line":49,"column":null}},"11":{"start":{"line":41,"column":21},"end":{"line":43,"column":null}},"12":{"start":{"line":46,"column":6},"end":{"line":46,"column":70}},"13":{"start":{"line":48,"column":6},"end":{"line":48,"column":34}},"14":{"start":{"line":36,"column":2},"end":{"line":50,"column":null}},"15":{"start":{"line":24,"column":13},"end":{"line":51,"column":null}},"16":{"start":{"line":24,"column":13},"end":{"line":24,"column":34}}},"fnMap":{"0":{"name":"(anonymous_4)","decl":{"start":{"line":25,"column":2},"end":{"line":25,"column":null}},"loc":{"start":{"line":27,"column":58},"end":{"line":28,"column":6}}},"1":{"name":"(anonymous_5)","decl":{"start":{"line":36,"column":9},"end":{"line":36,"column":14}},"loc":{"start":{"line":38,"column":39},"end":{"line":50,"column":3}}}},"branchMap":{},"s":{"0":1,"1":1,"2":1,"3":1,"4":1,"5":1,"6":1,"7":1,"8":4,"9":4,"10":3,"11":3,"12":2,"13":1,"14":1,"15":1,"16":1},"f":{"0":4,"1":3},"b":{}}
,"C:\\NestJS\\practice\\src\\Interfaces\\rest\\barbermans\\v1\\barbermans\\v1-barbermans.transofrmer.ts": {"path":"C:\\NestJS\\practice\\src\\Interfaces\\rest\\barbermans\\v1\\barbermans\\v1-barbermans.transofrmer.ts","statementMap":{"0":{"start":{"line":1,"column":0},"end":{"line":1,"column":71}},"1":{"start":{"line":8,"column":20},"end":{"line":17,"column":null}},"2":{"start":{"line":19,"column":4},"end":{"line":22,"column":6}},"3":{"start":{"line":6,"column":0},"end":{"line":6,"column":13}}},"fnMap":{"0":{"name":"(anonymous_0)","decl":{"start":{"line":7,"column":9},"end":{"line":7,"column":25}},"loc":{"start":{"line":7,"column":40},"end":{"line":23,"column":3}}}},"branchMap":{},"s":{"0":1,"1":2,"2":2,"3":1},"f":{"0":2},"b":{}}
,"C:\\NestJS\\practice\\src\\Interfaces\\rest\\barbermans\\v1\\barbermans\\dto\\v1-barbermans-create.dto.ts": {"path":"C:\\NestJS\\practice\\src\\Interfaces\\rest\\barbermans\\v1\\barbermans\\dto\\v1-barbermans-create.dto.ts","statementMap":{"0":{"start":{"line":1,"column":0},"end":{"line":1,"column":46}},"1":{"start":{"line":2,"column":0},"end":{"line":2,"column":null}},"2":{"start":{"line":13,"column":0},"end":{"line":13,"column":85}},"3":{"start":{"line":23,"column":2},"end":{"line":23,"column":null}},"4":{"start":{"line":34,"column":2},"end":{"line":34,"column":null}},"5":{"start":{"line":43,"column":2},"end":{"line":43,"column":null}},"6":{"start":{"line":52,"column":2},"end":{"line":52,"column":null}},"7":{"start":{"line":61,"column":2},"end":{"line":61,"column":null}},"8":{"start":{"line":70,"column":2},"end":{"line":70,"column":null}},"9":{"start":{"line":80,"column":2},"end":{"line":80,"column":null}},"10":{"start":{"line":89,"column":2},"end":{"line":89,"column":null}},"11":{"start":{"line":15,"column":0},"end":{"line":15,"column":13}}},"fnMap":{},"branchMap":{},"s":{"0":1,"1":1,"2":1,"3":1,"4":1,"5":1,"6":1,"7":1,"8":1,"9":1,"10":1,"11":1},"f":{},"b":{}}
,"C:\\NestJS\\practice\\src\\Interfaces\\rest\\shared\\docs\\decorator-compose\\global-docs.decorator.ts": {"path":"C:\\NestJS\\practice\\src\\Interfaces\\rest\\shared\\docs\\decorator-compose\\global-docs.decorator.ts","statementMap":{"0":{"start":{"line":1,"column":0},"end":{"line":1,"column":49}},"1":{"start":{"line":2,"column":0},"end":{"line":2,"column":60}},"2":{"start":{"line":3,"column":0},"end":{"line":3,"column":55}},"3":{"start":{"line":4,"column":0},"end":{"line":4,"column":55}},"4":{"start":{"line":5,"column":0},"end":{"line":5,"column":55}},"5":{"start":{"line":6,"column":0},"end":{"line":6,"column":55}},"6":{"start":{"line":7,"column":0},"end":{"line":7,"column":55}},"7":{"start":{"line":12,"column":2},"end":{"line":41,"column":4}},"8":{"start":{"line":11,"column":0},"end":{"line":11,"column":16}}},"fnMap":{"0":{"name":"GlobalDocs","decl":{"start":{"line":11,"column":16},"end":{"line":11,"column":26}},"loc":{"start":{"line":11,"column":47},"end":{"line":42,"column":1}}}},"branchMap":{"0":{"loc":{"start":{"line":14,"column":46},"end":{"line":14,"column":61}},"type":"cond-expr","locations":[{"start":{"line":14,"column":46},"end":{"line":14,"column":61}},{"start":{"line":14,"column":64},"end":{"line":14,"column":66}}]},"1":{"loc":{"start":{"line":14,"column":17},"end":{"line":14,"column":24}},"type":"binary-expr","locations":[{"start":{"line":14,"column":17},"end":{"line":14,"column":24}},{"start":{"line":14,"column":28},"end":{"line":14,"column":43}}]}},"s":{"0":1,"1":1,"2":1,"3":1,"4":1,"5":1,"6":1,"7":1,"8":1},"f":{"0":1},"b":{"0":[1,0],"1":[1,1]}}
,"C:\\NestJS\\practice\\src\\Interfaces\\rest\\shared\\docs\\error-docs\\error-400.doc.ts": {"path":"C:\\NestJS\\practice\\src\\Interfaces\\rest\\shared\\docs\\error-docs\\error-400.doc.ts","statementMap":{"0":{"start":{"line":1,"column":0},"end":{"line":1,"column":46}},"1":{"start":{"line":8,"column":2},"end":{"line":8,"column":null}},"2":{"start":{"line":14,"column":2},"end":{"line":14,"column":null}},"3":{"start":{"line":20,"column":2},"end":{"line":20,"column":null}},"4":{"start":{"line":26,"column":2},"end":{"line":26,"column":null}},"5":{"start":{"line":3,"column":0},"end":{"line":3,"column":13}}},"fnMap":{},"branchMap":{},"s":{"0":1,"1":1,"2":1,"3":1,"4":1,"5":1},"f":{},"b":{}}
,"C:\\NestJS\\practice\\src\\Interfaces\\rest\\shared\\docs\\error-docs\\error-401.doc.ts": {"path":"C:\\NestJS\\practice\\src\\Interfaces\\rest\\shared\\docs\\error-docs\\error-401.doc.ts","statementMap":{"0":{"start":{"line":1,"column":0},"end":{"line":1,"column":46}},"1":{"start":{"line":8,"column":2},"end":{"line":8,"column":null}},"2":{"start":{"line":14,"column":2},"end":{"line":14,"column":null}},"3":{"start":{"line":20,"column":2},"end":{"line":20,"column":null}},"4":{"start":{"line":26,"column":2},"end":{"line":26,"column":null}},"5":{"start":{"line":3,"column":0},"end":{"line":3,"column":13}}},"fnMap":{},"branchMap":{},"s":{"0":1,"1":1,"2":1,"3":1,"4":1,"5":1},"f":{},"b":{}}
,"C:\\NestJS\\practice\\src\\Interfaces\\rest\\shared\\docs\\error-docs\\error-403.doc.ts": {"path":"C:\\NestJS\\practice\\src\\Interfaces\\rest\\shared\\docs\\error-docs\\error-403.doc.ts","statementMap":{"0":{"start":{"line":1,"column":0},"end":{"line":1,"column":46}},"1":{"start":{"line":8,"column":2},"end":{"line":8,"column":null}},"2":{"start":{"line":14,"column":2},"end":{"line":14,"column":null}},"3":{"start":{"line":20,"column":2},"end":{"line":20,"column":null}},"4":{"start":{"line":26,"column":2},"end":{"line":26,"column":null}},"5":{"start":{"line":3,"column":0},"end":{"line":3,"column":13}}},"fnMap":{},"branchMap":{},"s":{"0":1,"1":1,"2":1,"3":1,"4":1,"5":1},"f":{},"b":{}}
,"C:\\NestJS\\practice\\src\\Interfaces\\rest\\shared\\docs\\error-docs\\error-404.doc.ts": {"path":"C:\\NestJS\\practice\\src\\Interfaces\\rest\\shared\\docs\\error-docs\\error-404.doc.ts","statementMap":{"0":{"start":{"line":1,"column":0},"end":{"line":1,"column":46}},"1":{"start":{"line":8,"column":2},"end":{"line":8,"column":null}},"2":{"start":{"line":14,"column":2},"end":{"line":14,"column":null}},"3":{"start":{"line":20,"column":2},"end":{"line":20,"column":null}},"4":{"start":{"line":26,"column":2},"end":{"line":26,"column":null}},"5":{"start":{"line":3,"column":0},"end":{"line":3,"column":13}}},"fnMap":{},"branchMap":{},"s":{"0":1,"1":1,"2":1,"3":1,"4":1,"5":1},"f":{},"b":{}}
,"C:\\NestJS\\practice\\src\\Interfaces\\rest\\shared\\docs\\error-docs\\error-500.doc.ts": {"path":"C:\\NestJS\\practice\\src\\Interfaces\\rest\\shared\\docs\\error-docs\\error-500.doc.ts","statementMap":{"0":{"start":{"line":1,"column":0},"end":{"line":1,"column":46}},"1":{"start":{"line":8,"column":2},"end":{"line":8,"column":null}},"2":{"start":{"line":14,"column":2},"end":{"line":14,"column":null}},"3":{"start":{"line":20,"column":2},"end":{"line":20,"column":null}},"4":{"start":{"line":26,"column":2},"end":{"line":26,"column":null}},"5":{"start":{"line":3,"column":0},"end":{"line":3,"column":13}}},"fnMap":{},"branchMap":{},"s":{"0":1,"1":1,"2":1,"3":1,"4":1,"5":1},"f":{},"b":{}}
,"C:\\NestJS\\practice\\src\\Interfaces\\rest\\shared\\dto\\shared-context-entity.dto.ts": {"path":"C:\\NestJS\\practice\\src\\Interfaces\\rest\\shared\\dto\\shared-context-entity.dto.ts","statementMap":{"0":{"start":{"line":1,"column":0},"end":{"line":1,"column":41}},"1":{"start":{"line":2,"column":0},"end":{"line":2,"column":null}},"2":{"start":{"line":9,"column":0},"end":{"line":9,"column":54}},"3":{"start":{"line":15,"column":2},"end":{"line":15,"column":null}},"4":{"start":{"line":22,"column":2},"end":{"line":22,"column":null}},"5":{"start":{"line":21,"column":14},"end":{"line":21,"column":29}},"6":{"start":{"line":11,"column":0},"end":{"line":11,"column":13}}},"fnMap":{"0":{"name":"(anonymous_2)","decl":{"start":{"line":21,"column":8},"end":{"line":21,"column":11}},"loc":{"start":{"line":21,"column":14},"end":{"line":21,"column":29}}}},"branchMap":{},"s":{"0":1,"1":1,"2":1,"3":1,"4":1,"5":0,"6":1},"f":{"0":0},"b":{}}
,"C:\\NestJS\\practice\\src\\Interfaces\\rest\\shared\\dto\\shared-context.dto.ts": {"path":"C:\\NestJS\\practice\\src\\Interfaces\\rest\\shared\\dto\\shared-context.dto.ts","statementMap":{"0":{"start":{"line":1,"column":0},"end":{"line":1,"column":41}},"1":{"start":{"line":2,"column":0},"end":{"line":2,"column":null}},"2":{"start":{"line":9,"column":0},"end":{"line":9,"column":69}},"3":{"start":{"line":18,"column":2},"end":{"line":18,"column":null}},"4":{"start":{"line":17,"column":14},"end":{"line":17,"column":36}},"5":{"start":{"line":11,"column":0},"end":{"line":11,"column":13}}},"fnMap":{"0":{"name":"(anonymous_2)","decl":{"start":{"line":17,"column":8},"end":{"line":17,"column":11}},"loc":{"start":{"line":17,"column":14},"end":{"line":17,"column":36}}}},"branchMap":{},"s":{"0":1,"1":1,"2":1,"3":1,"4":0,"5":1},"f":{"0":0},"b":{}}
,"C:\\NestJS\\practice\\src\\Interfaces\\rest\\shared\\dto\\shared-params.dto.ts": {"path":"C:\\NestJS\\practice\\src\\Interfaces\\rest\\shared\\dto\\shared-params.dto.ts","statementMap":{"0":{"start":{"line":1,"column":0},"end":{"line":1,"column":45}},"1":{"start":{"line":5,"column":2},"end":{"line":5,"column":null}},"2":{"start":{"line":3,"column":0},"end":{"line":3,"column":13}}},"fnMap":{},"branchMap":{},"s":{"0":1,"1":1,"2":1},"f":{},"b":{}}
,"C:\\NestJS\\practice\\src\\application\\use-cases\\barbermans\\v1\\v1-barbermans.usecase.ts": {"path":"C:\\NestJS\\practice\\src\\application\\use-cases\\barbermans\\v1\\v1-barbermans.usecase.ts","statementMap":{"0":{"start":{"line":1,"column":0},"end":{"line":1,"column":65}},"1":{"start":{"line":4,"column":0},"end":{"line":4,"column":111}},"2":{"start":{"line":12,"column":0},"end":{"line":28,"column":null}},"3":{"start":{"line":14,"column":12},"end":{"line":14,"column":32}},"4":{"start":{"line":22,"column":23},"end":{"line":22,"column":88}},"5":{"start":{"line":24,"column":4},"end":{"line":26,"column":6}},"6":{"start":{"line":12,"column":13},"end":{"line":28,"column":null}},"7":{"start":{"line":12,"column":13},"end":{"line":12,"column":32}}},"fnMap":{"0":{"name":"(anonymous_2)","decl":{"start":{"line":13,"column":2},"end":{"line":13,"column":null}},"loc":{"start":{"line":14,"column":50},"end":{"line":16,"column":3}}},"1":{"name":"(anonymous_3)","decl":{"start":{"line":18,"column":9},"end":{"line":18,"column":14}},"loc":{"start":{"line":20,"column":28},"end":{"line":27,"column":3}}}},"branchMap":{},"s":{"0":2,"1":2,"2":2,"3":4,"4":2,"5":2,"6":2,"7":2},"f":{"0":4,"1":2},"b":{}}
,"C:\\NestJS\\practice\\src\\infrastructure\\constants\\general.constant.ts": {"path":"C:\\NestJS\\practice\\src\\infrastructure\\constants\\general.constant.ts","statementMap":{"0":{"start":{"line":2,"column":13},"end":{"line":2,"column":33}},"1":{"start":{"line":4,"column":13},"end":{"line":4,"column":35}},"2":{"start":{"line":6,"column":13},"end":{"line":6,"column":29}},"3":{"start":{"line":7,"column":13},"end":{"line":7,"column":45}},"4":{"start":{"line":8,"column":13},"end":{"line":8,"column":41}},"5":{"start":{"line":9,"column":13},"end":{"line":9,"column":33}},"6":{"start":{"line":10,"column":13},"end":{"line":10,"column":33}},"7":{"start":{"line":11,"column":13},"end":{"line":11,"column":27}},"8":{"start":{"line":12,"column":13},"end":{"line":12,"column":39}},"9":{"start":{"line":14,"column":13},"end":{"line":14,"column":23}},"10":{"start":{"line":15,"column":13},"end":{"line":15,"column":23}},"11":{"start":{"line":16,"column":13},"end":{"line":16,"column":27}}},"fnMap":{},"branchMap":{},"s":{"0":2,"1":2,"2":2,"3":2,"4":2,"5":2,"6":2,"7":2,"8":2,"9":2,"10":2,"11":2},"f":{},"b":{}}
,"C:\\NestJS\\practice\\src\\infrastructure\\database\\postgres\\medea-db\\services\\barbermans.service.ts": {"path":"C:\\NestJS\\practice\\src\\infrastructure\\database\\postgres\\medea-db\\services\\barbermans.service.ts","statementMap":{"0":{"start":{"line":1,"column":0},"end":{"line":1,"column":73}},"1":{"start":{"line":3,"column":0},"end":{"line":3,"column":34}},"2":{"start":{"line":6,"column":0},"end":{"line":6,"column":73}},"3":{"start":{"line":11,"column":0},"end":{"line":75,"column":null}},"4":{"start":{"line":14,"column":21},"end":{"line":14,"column":null}},"5":{"start":{"line":21,"column":4},"end":{"line":50,"column":null}},"6":{"start":{"line":22,"column":24},"end":{"line":43,"column":null}},"7":{"start":{"line":46,"column":6},"end":{"line":46,"column":63}},"8":{"start":{"line":49,"column":5},"end":{"line":49,"column":20}},"9":{"start":{"line":54,"column":4},"end":{"line":73,"column":6}},"10":{"start":{"line":11,"column":13},"end":{"line":75,"column":null}},"11":{"start":{"line":11,"column":13},"end":{"line":11,"column":31}}},"fnMap":{"0":{"name":"(anonymous_4)","decl":{"start":{"line":12,"column":2},"end":{"line":12,"column":null}},"loc":{"start":{"line":14,"column":30},"end":{"line":15,"column":6}}},"1":{"name":"(anonymous_5)","decl":{"start":{"line":17,"column":2},"end":{"line":17,"column":7}},"loc":{"start":{"line":19,"column":28},"end":{"line":51,"column":3}}},"2":{"name":"(anonymous_6)","decl":{"start":{"line":53,"column":2},"end":{"line":53,"column":7}},"loc":{"start":{"line":53,"column":56},"end":{"line":74,"column":3}}}},"branchMap":{},"s":{"0":2,"1":2,"2":2,"3":2,"4":0,"5":0,"6":0,"7":0,"8":0,"9":0,"10":2,"11":2},"f":{"0":0,"1":0,"2":0},"b":{}}
,"C:\\NestJS\\practice\\src\\infrastructure\\helper\\generate-meta.ts": {"path":"C:\\NestJS\\practice\\src\\infrastructure\\helper\\generate-meta.ts","statementMap":{"0":{"start":{"line":2,"column":2},"end":{"line":6,"column":4}},"1":{"start":{"line":1,"column":0},"end":{"line":1,"column":16}}},"fnMap":{"0":{"name":"generateMeta","decl":{"start":{"line":1,"column":16},"end":{"line":1,"column":28}},"loc":{"start":{"line":1,"column":74},"end":{"line":7,"column":1}}}},"branchMap":{},"s":{"0":2,"1":1},"f":{"0":2},"b":{}}
,"C:\\NestJS\\practice\\src\\infrastructure\\middleware\\error-handler.ts": {"path":"C:\\NestJS\\practice\\src\\infrastructure\\middleware\\error-handler.ts","statementMap":{"0":{"start":{"line":1,"column":0},"end":{"line":1,"column":41}},"1":{"start":{"line":5,"column":4},"end":{"line":5,"column":17}},"2":{"start":{"line":8,"column":4},"end":{"line":65,"column":null}},"3":{"start":{"line":10,"column":8},"end":{"line":10,"column":60}},"4":{"start":{"line":13,"column":8},"end":{"line":13,"column":62}},"5":{"start":{"line":16,"column":8},"end":{"line":16,"column":59}},"6":{"start":{"line":19,"column":8},"end":{"line":19,"column":58}},"7":{"start":{"line":22,"column":8},"end":{"line":22,"column":66}},"8":{"start":{"line":25,"column":8},"end":{"line":25,"column":63}},"9":{"start":{"line":28,"column":8},"end":{"line":28,"column":64}},"10":{"start":{"line":31,"column":8},"end":{"line":31,"column":58}},"11":{"start":{"line":34,"column":8},"end":{"line":34,"column":54}},"12":{"start":{"line":37,"column":8},"end":{"line":37,"column":68}},"13":{"start":{"line":40,"column":8},"end":{"line":40,"column":65}},"14":{"start":{"line":43,"column":8},"end":{"line":43,"column":70}},"15":{"start":{"line":46,"column":8},"end":{"line":46,"column":69}},"16":{"start":{"line":49,"column":8},"end":{"line":49,"column":64}},"17":{"start":{"line":52,"column":8},"end":{"line":52,"column":60}},"18":{"start":{"line":55,"column":8},"end":{"line":55,"column":68}},"19":{"start":{"line":58,"column":8},"end":{"line":58,"column":64}},"20":{"start":{"line":61,"column":8},"end":{"line":61,"column":73}},"21":{"start":{"line":64,"column":8},"end":{"line":64,"column":90}},"22":{"start":{"line":3,"column":0},"end":{"line":3,"column":13}}},"fnMap":{"0":{"name":"(anonymous_0)","decl":{"start":{"line":4,"column":2},"end":{"line":4,"column":14}},"loc":{"start":{"line":4,"column":19},"end":{"line":66,"column":3}}}},"branchMap":{"0":{"loc":{"start":{"line":9,"column":6},"end":{"line":10,"column":60}},"type":"switch","locations":[{"start":{"line":9,"column":6},"end":{"line":10,"column":60}},{"start":{"line":12,"column":6},"end":{"line":13,"column":62}},{"start":{"line":15,"column":6},"end":{"line":16,"column":59}},{"start":{"line":18,"column":6},"end":{"line":19,"column":58}},{"start":{"line":21,"column":6},"end":{"line":22,"column":66}},{"start":{"line":24,"column":6},"end":{"line":25,"column":63}},{"start":{"line":27,"column":6},"end":{"line":28,"column":64}},{"start":{"line":30,"column":6},"end":{"line":31,"column":58}},{"start":{"line":33,"column":6},"end":{"line":34,"column":54}},{"start":{"line":36,"column":6},"end":{"line":37,"column":68}},{"start":{"line":39,"column":6},"end":{"line":40,"column":65}},{"start":{"line":42,"column":6},"end":{"line":43,"column":70}},{"start":{"line":45,"column":6},"end":{"line":46,"column":69}},{"start":{"line":48,"column":6},"end":{"line":49,"column":64}},{"start":{"line":51,"column":6},"end":{"line":52,"column":60}},{"start":{"line":54,"column":6},"end":{"line":55,"column":68}},{"start":{"line":57,"column":6},"end":{"line":58,"column":64}},{"start":{"line":60,"column":6},"end":{"line":61,"column":73}},{"start":{"line":63,"column":6},"end":{"line":64,"column":90}}]}},"s":{"0":1,"1":1,"2":1,"3":0,"4":0,"5":0,"6":0,"7":0,"8":0,"9":0,"10":0,"11":0,"12":0,"13":0,"14":0,"15":0,"16":0,"17":0,"18":0,"19":0,"20":0,"21":1,"22":1},"f":{"0":1},"b":{"0":[0,0,0,0,0,0,0,0,0,0,0,0,0,0,0,0,0,0,1]}}
}
