{"/Users/riandpratama/nestjs/nestjs-resful-api/src/Interfaces/rest/barbermans/v1/barbermans/v1-barbermans.controller.ts": {"path":"/Users/riandpratama/nestjs/nestjs-resful-api/src/Interfaces/rest/barbermans/v1/barbermans/v1-barbermans.controller.ts","statementMap":{"0":{"start":{"line":1,"column":0},"end":{"line":1,"column":null}},"1":{"start":{"line":13,"column":0},"end":{"line":13,"column":55}},"2":{"start":{"line":14,"column":0},"end":{"line":14,"column":75}},"3":{"start":{"line":15,"column":0},"end":{"line":15,"column":100}},"4":{"start":{"line":16,"column":0},"end":{"line":16,"column":90}},"5":{"start":{"line":20,"column":0},"end":{"line":20,"column":71}},"6":{"start":{"line":21,"column":0},"end":{"line":21,"column":71}},"7":{"start":{"line":22,"column":0},"end":{"line":22,"column":70}},"8":{"start":{"line":23,"column":0},"end":{"line":23,"column":77}},"9":{"start":{"line":24,"column":0},"end":{"line":24,"column":82}},"10":{"start":{"line":25,"column":0},"end":{"line":25,"column":66}},"11":{"start":{"line":31,"column":0},"end":{"line":102,"column":null}},"12":{"start":{"line":33,"column":12},"end":{"line":33,"column":31}},"13":{"start":{"line":34,"column":12},"end":{"line":34,"column":35}},"14":{"start":{"line":47,"column":4},"end":{"line":56,"column":null}},"15":{"start":{"line":48,"column":21},"end":{"line":50,"column":null}},"16":{"start":{"line":53,"column":6},"end":{"line":53,"column":70}},"17":{"start":{"line":55,"column":6},"end":{"line":55,"column":34}},"18":{"start":{"line":67,"column":4},"end":{"line":78,"column":null}},"19":{"start":{"line":68,"column":21},"end":{"line":68,"column":61}},"20":{"start":{"line":69,"column":6},"end":{"line":75,"column":null}},"21":{"start":{"line":77,"column":6},"end":{"line":77,"column":34}},"22":{"start":{"line":93,"column":4},"end":{"line":100,"column":null}},"23":{"start":{"line":94,"column":21},"end":{"line":94,"column":28}},"24":{"start":{"line":95,"column":21},"end":{"line":95,"column":87}},"25":{"start":{"line":97,"column":6},"end":{"line":97,"column":65}},"26":{"start":{"line":99,"column":6},"end":{"line":99,"column":34}},"27":{"start":{"line":43,"column":2},"end":{"line":57,"column":null}},"28":{"start":{"line":66,"column":2},"end":{"line":79,"column":null}},"29":{"start":{"line":89,"column":2},"end":{"line":101,"column":null}},"30":{"start":{"line":31,"column":13},"end":{"line":102,"column":null}},"31":{"start":{"line":31,"column":13},"end":{"line":31,"column":34}}},"fnMap":{"0":{"name":"(anonymous_4)","decl":{"start":{"line":32,"column":2},"end":{"line":32,"column":null}},"loc":{"start":{"line":34,"column":58},"end":{"line":35,"column":6}}},"1":{"name":"(anonymous_5)","decl":{"start":{"line":43,"column":9},"end":{"line":43,"column":14}},"loc":{"start":{"line":45,"column":39},"end":{"line":57,"column":3}}},"2":{"name":"(anonymous_6)","decl":{"start":{"line":66,"column":9},"end":{"line":66,"column":14}},"loc":{"start":{"line":66,"column":55},"end":{"line":79,"column":3}}},"3":{"name":"(anonymous_7)","decl":{"start":{"line":89,"column":9},"end":{"line":89,"column":14}},"loc":{"start":{"line":91,"column":39},"end":{"line":101,"column":3}}}},"branchMap":{},"s":{"0":1,"1":1,"2":1,"3":1,"4":1,"5":1,"6":1,"7":1,"8":1,"9":1,"10":1,"11":1,"12":7,"13":7,"14":3,"15":3,"16":2,"17":1,"18":3,"19":3,"20":2,"21":1,"22":0,"23":0,"24":0,"25":0,"26":0,"27":1,"28":1,"29":1,"30":1,"31":1},"f":{"0":7,"1":3,"2":3,"3":0},"b":{}}
,"/Users/riandpratama/nestjs/nestjs-resful-api/src/Interfaces/rest/barbermans/v1/barbermans/v1-barbermans.transformer.ts": {"path":"/Users/riandpratama/nestjs/nestjs-resful-api/src/Interfaces/rest/barbermans/v1/barbermans/v1-barbermans.transformer.ts","statementMap":{"0":{"start":{"line":1,"column":0},"end":{"line":1,"column":71}},"1":{"start":{"line":8,"column":20},"end":{"line":17,"column":null}},"2":{"start":{"line":19,"column":4},"end":{"line":22,"column":6}},"3":{"start":{"line":29,"column":20},"end":{"line":40,"column":7}},"4":{"start":{"line":29,"column":51},"end":{"line":40,"column":6}},"5":{"start":{"line":42,"column":4},"end":{"line":45,"column":6}},"6":{"start":{"line":6,"column":0},"end":{"line":6,"column":13}}},"fnMap":{"0":{"name":"(anonymous_0)","decl":{"start":{"line":7,"column":9},"end":{"line":7,"column":25}},"loc":{"start":{"line":7,"column":40},"end":{"line":23,"column":3}}},"1":{"name":"(anonymous_1)","decl":{"start":{"line":25,"column":9},"end":{"line":25,"column":22}},"loc":{"start":{"line":27,"column":22},"end":{"line":46,"column":3}}},"2":{"name":"(anonymous_2)","decl":{"start":{"line":29,"column":35},"end":{"line":29,"column":36}},"loc":{"start":{"line":29,"column":51},"end":{"line":40,"column":6}}}},"branchMap":{},"s":{"0":1,"1":2,"2":2,"3":2,"4":2,"5":2,"6":1},"f":{"0":2,"1":2,"2":2},"b":{}}
,"/Users/riandpratama/nestjs/nestjs-resful-api/src/Interfaces/rest/barbermans/v1/barbermans/docs/barbermans-response-data.doc.ts": {"path":"/Users/riandpratama/nestjs/nestjs-resful-api/src/Interfaces/rest/barbermans/v1/barbermans/docs/barbermans-response-data.doc.ts","statementMap":{"0":{"start":{"line":1,"column":0},"end":{"line":1,"column":46}},"1":{"start":{"line":7,"column":2},"end":{"line":7,"column":null}},"2":{"start":{"line":12,"column":2},"end":{"line":12,"column":null}},"3":{"start":{"line":17,"column":2},"end":{"line":17,"column":null}},"4":{"start":{"line":22,"column":2},"end":{"line":22,"column":null}},"5":{"start":{"line":27,"column":2},"end":{"line":27,"column":null}},"6":{"start":{"line":32,"column":2},"end":{"line":32,"column":null}},"7":{"start":{"line":37,"column":2},"end":{"line":37,"column":null}},"8":{"start":{"line":42,"column":2},"end":{"line":42,"column":null}},"9":{"start":{"line":3,"column":0},"end":{"line":3,"column":13}}},"fnMap":{},"branchMap":{},"s":{"0":1,"1":1,"2":1,"3":1,"4":1,"5":1,"6":1,"7":1,"8":1,"9":1},"f":{},"b":{}}
,"/Users/riandpratama/nestjs/nestjs-resful-api/src/Interfaces/rest/barbermans/v1/barbermans/docs/success-barbermans-find.doc.ts": {"path":"/Users/riandpratama/nestjs/nestjs-resful-api/src/Interfaces/rest/barbermans/v1/barbermans/docs/success-barbermans-find.doc.ts","statementMap":{"0":{"start":{"line":1,"column":0},"end":{"line":1,"column":46}},"1":{"start":{"line":2,"column":0},"end":{"line":2,"column":64}},"2":{"start":{"line":3,"column":0},"end":{"line":3,"column":72}},"3":{"start":{"line":10,"column":2},"end":{"line":10,"column":null}},"4":{"start":{"line":8,"column":16},"end":{"line":8,"column":40}},"5":{"start":{"line":16,"column":2},"end":{"line":16,"column":null}},"6":{"start":{"line":14,"column":16},"end":{"line":14,"column":20}},"7":{"start":{"line":5,"column":0},"end":{"line":5,"column":13}}},"fnMap":{"0":{"name":"(anonymous_2)","decl":{"start":{"line":8,"column":10},"end":{"line":8,"column":13}},"loc":{"start":{"line":8,"column":16},"end":{"line":8,"column":40}}},"1":{"name":"(anonymous_3)","decl":{"start":{"line":14,"column":10},"end":{"line":14,"column":13}},"loc":{"start":{"line":14,"column":16},"end":{"line":14,"column":20}}}},"branchMap":{},"s":{"0":1,"1":1,"2":1,"3":1,"4":0,"5":1,"6":0,"7":1},"f":{"0":0,"1":0},"b":{}}
,"/Users/riandpratama/nestjs/nestjs-resful-api/src/Interfaces/rest/barbermans/v1/barbermans/docs/success-barbermans-update.doc.ts": {"path":"/Users/riandpratama/nestjs/nestjs-resful-api/src/Interfaces/rest/barbermans/v1/barbermans/docs/success-barbermans-update.doc.ts","statementMap":{"0":{"start":{"line":1,"column":0},"end":{"line":1,"column":46}},"1":{"start":{"line":2,"column":0},"end":{"line":2,"column":64}},"2":{"start":{"line":3,"column":0},"end":{"line":3,"column":72}},"3":{"start":{"line":10,"column":2},"end":{"line":10,"column":null}},"4":{"start":{"line":8,"column":16},"end":{"line":8,"column":38}},"5":{"start":{"line":16,"column":2},"end":{"line":16,"column":null}},"6":{"start":{"line":14,"column":16},"end":{"line":14,"column":20}},"7":{"start":{"line":5,"column":0},"end":{"line":5,"column":13}}},"fnMap":{"0":{"name":"(anonymous_2)","decl":{"start":{"line":8,"column":10},"end":{"line":8,"column":13}},"loc":{"start":{"line":8,"column":16},"end":{"line":8,"column":38}}},"1":{"name":"(anonymous_3)","decl":{"start":{"line":14,"column":10},"end":{"line":14,"column":13}},"loc":{"start":{"line":14,"column":16},"end":{"line":14,"column":20}}}},"branchMap":{},"s":{"0":1,"1":1,"2":1,"3":1,"4":0,"5":1,"6":0,"7":1},"f":{"0":0,"1":0},"b":{}}
,"/Users/riandpratama/nestjs/nestjs-resful-api/src/Interfaces/rest/barbermans/v1/barbermans/dto/v1-barbermans-create.dto.ts": {"path":"/Users/riandpratama/nestjs/nestjs-resful-api/src/Interfaces/rest/barbermans/v1/barbermans/dto/v1-barbermans-create.dto.ts","statementMap":{"0":{"start":{"line":1,"column":0},"end":{"line":1,"column":46}},"1":{"start":{"line":2,"column":0},"end":{"line":2,"column":null}},"2":{"start":{"line":10,"column":0},"end":{"line":10,"column":85}},"3":{"start":{"line":20,"column":2},"end":{"line":20,"column":null}},"4":{"start":{"line":31,"column":2},"end":{"line":31,"column":null}},"5":{"start":{"line":40,"column":2},"end":{"line":40,"column":null}},"6":{"start":{"line":49,"column":2},"end":{"line":49,"column":null}},"7":{"start":{"line":58,"column":2},"end":{"line":58,"column":null}},"8":{"start":{"line":67,"column":2},"end":{"line":67,"column":null}},"9":{"start":{"line":77,"column":2},"end":{"line":77,"column":null}},"10":{"start":{"line":86,"column":2},"end":{"line":86,"column":null}},"11":{"start":{"line":12,"column":0},"end":{"line":12,"column":13}}},"fnMap":{},"branchMap":{},"s":{"0":1,"1":1,"2":1,"3":1,"4":1,"5":1,"6":1,"7":1,"8":1,"9":1,"10":1,"11":1},"f":{},"b":{}}
,"/Users/riandpratama/nestjs/nestjs-resful-api/src/Interfaces/rest/barbermans/v1/barbermans/dto/v1-barbermans-update.dto.ts": {"path":"/Users/riandpratama/nestjs/nestjs-resful-api/src/Interfaces/rest/barbermans/v1/barbermans/dto/v1-barbermans-update.dto.ts","statementMap":{"0":{"start":{"line":1,"column":0},"end":{"line":1,"column":46}},"1":{"start":{"line":2,"column":0},"end":{"line":2,"column":null}},"2":{"start":{"line":10,"column":0},"end":{"line":10,"column":85}},"3":{"start":{"line":20,"column":2},"end":{"line":20,"column":null}},"4":{"start":{"line":29,"column":2},"end":{"line":29,"column":null}},"5":{"start":{"line":40,"column":2},"end":{"line":40,"column":null}},"6":{"start":{"line":49,"column":2},"end":{"line":49,"column":null}},"7":{"start":{"line":58,"column":2},"end":{"line":58,"column":null}},"8":{"start":{"line":67,"column":2},"end":{"line":67,"column":null}},"9":{"start":{"line":76,"column":2},"end":{"line":76,"column":null}},"10":{"start":{"line":86,"column":2},"end":{"line":86,"column":null}},"11":{"start":{"line":95,"column":2},"end":{"line":95,"column":null}},"12":{"start":{"line":12,"column":0},"end":{"line":12,"column":13}}},"fnMap":{},"branchMap":{},"s":{"0":1,"1":1,"2":1,"3":1,"4":1,"5":1,"6":1,"7":1,"8":1,"9":1,"10":1,"11":1,"12":1},"f":{},"b":{}}
,"/Users/riandpratama/nestjs/nestjs-resful-api/src/Interfaces/rest/barbermans/v1/barbermans/dto/v1-barbermas-find.dto.ts": {"path":"/Users/riandpratama/nestjs/nestjs-resful-api/src/Interfaces/rest/barbermans/v1/barbermans/dto/v1-barbermas-find.dto.ts","statementMap":{"0":{"start":{"line":1,"column":0},"end":{"line":1,"column":46}},"1":{"start":{"line":2,"column":0},"end":{"line":2,"column":null}},"2":{"start":{"line":9,"column":0},"end":{"line":9,"column":77}},"3":{"start":{"line":10,"column":0},"end":{"line":10,"column":85}},"4":{"start":{"line":12,"column":19},"end":{"line":12,"column":47}},"5":{"start":{"line":22,"column":2},"end":{"line":22,"column":null}},"6":{"start":{"line":31,"column":2},"end":{"line":31,"column":null}},"7":{"start":{"line":42,"column":2},"end":{"line":42,"column":null}},"8":{"start":{"line":53,"column":2},"end":{"line":53,"column":null}},"9":{"start":{"line":14,"column":0},"end":{"line":14,"column":13}}},"fnMap":{},"branchMap":{},"s":{"0":1,"1":1,"2":1,"3":1,"4":1,"5":1,"6":1,"7":1,"8":1,"9":1},"f":{},"b":{}}
,"/Users/riandpratama/nestjs/nestjs-resful-api/src/Interfaces/rest/shared/docs/meta.doc.ts": {"path":"/Users/riandpratama/nestjs/nestjs-resful-api/src/Interfaces/rest/shared/docs/meta.doc.ts","statementMap":{"0":{"start":{"line":1,"column":0},"end":{"line":1,"column":46}},"1":{"start":{"line":8,"column":2},"end":{"line":8,"column":null}},"2":{"start":{"line":14,"column":2},"end":{"line":14,"column":null}},"3":{"start":{"line":20,"column":2},"end":{"line":20,"column":null}},"4":{"start":{"line":3,"column":0},"end":{"line":3,"column":13}}},"fnMap":{},"branchMap":{},"s":{"0":1,"1":1,"2":1,"3":1,"4":1},"f":{},"b":{}}
,"/Users/riandpratama/nestjs/nestjs-resful-api/src/Interfaces/rest/shared/docs/decorator-compose/global-docs.decorator.ts": {"path":"/Users/riandpratama/nestjs/nestjs-resful-api/src/Interfaces/rest/shared/docs/decorator-compose/global-docs.decorator.ts","statementMap":{"0":{"start":{"line":1,"column":0},"end":{"line":1,"column":49}},"1":{"start":{"line":2,"column":0},"end":{"line":2,"column":60}},"2":{"start":{"line":3,"column":0},"end":{"line":3,"column":55}},"3":{"start":{"line":4,"column":0},"end":{"line":4,"column":55}},"4":{"start":{"line":5,"column":0},"end":{"line":5,"column":55}},"5":{"start":{"line":6,"column":0},"end":{"line":6,"column":55}},"6":{"start":{"line":7,"column":0},"end":{"line":7,"column":55}},"7":{"start":{"line":12,"column":2},"end":{"line":41,"column":4}},"8":{"start":{"line":11,"column":0},"end":{"line":11,"column":16}}},"fnMap":{"0":{"name":"GlobalDocs","decl":{"start":{"line":11,"column":16},"end":{"line":11,"column":26}},"loc":{"start":{"line":11,"column":47},"end":{"line":42,"column":1}}}},"branchMap":{"0":{"loc":{"start":{"line":14,"column":46},"end":{"line":14,"column":61}},"type":"cond-expr","locations":[{"start":{"line":14,"column":46},"end":{"line":14,"column":61}},{"start":{"line":14,"column":64},"end":{"line":14,"column":66}}]},"1":{"loc":{"start":{"line":14,"column":17},"end":{"line":14,"column":24}},"type":"binary-expr","locations":[{"start":{"line":14,"column":17},"end":{"line":14,"column":24}},{"start":{"line":14,"column":28},"end":{"line":14,"column":43}}]}},"s":{"0":1,"1":1,"2":1,"3":1,"4":1,"5":1,"6":1,"7":3,"8":1},"f":{"0":3},"b":{"0":[3,0],"1":[3,3]}}
,"/Users/riandpratama/nestjs/nestjs-resful-api/src/Interfaces/rest/shared/docs/error-docs/error-400.doc.ts": {"path":"/Users/riandpratama/nestjs/nestjs-resful-api/src/Interfaces/rest/shared/docs/error-docs/error-400.doc.ts","statementMap":{"0":{"start":{"line":1,"column":0},"end":{"line":1,"column":46}},"1":{"start":{"line":8,"column":2},"end":{"line":8,"column":null}},"2":{"start":{"line":14,"column":2},"end":{"line":14,"column":null}},"3":{"start":{"line":20,"column":2},"end":{"line":20,"column":null}},"4":{"start":{"line":26,"column":2},"end":{"line":26,"column":null}},"5":{"start":{"line":3,"column":0},"end":{"line":3,"column":13}}},"fnMap":{},"branchMap":{},"s":{"0":1,"1":1,"2":1,"3":1,"4":1,"5":1},"f":{},"b":{}}
,"/Users/riandpratama/nestjs/nestjs-resful-api/src/Interfaces/rest/shared/docs/error-docs/error-401.doc.ts": {"path":"/Users/riandpratama/nestjs/nestjs-resful-api/src/Interfaces/rest/shared/docs/error-docs/error-401.doc.ts","statementMap":{"0":{"start":{"line":1,"column":0},"end":{"line":1,"column":46}},"1":{"start":{"line":8,"column":2},"end":{"line":8,"column":null}},"2":{"start":{"line":14,"column":2},"end":{"line":14,"column":null}},"3":{"start":{"line":20,"column":2},"end":{"line":20,"column":null}},"4":{"start":{"line":26,"column":2},"end":{"line":26,"column":null}},"5":{"start":{"line":3,"column":0},"end":{"line":3,"column":13}}},"fnMap":{},"branchMap":{},"s":{"0":1,"1":1,"2":1,"3":1,"4":1,"5":1},"f":{},"b":{}}
,"/Users/riandpratama/nestjs/nestjs-resful-api/src/Interfaces/rest/shared/docs/error-docs/error-403.doc.ts": {"path":"/Users/riandpratama/nestjs/nestjs-resful-api/src/Interfaces/rest/shared/docs/error-docs/error-403.doc.ts","statementMap":{"0":{"start":{"line":1,"column":0},"end":{"line":1,"column":46}},"1":{"start":{"line":8,"column":2},"end":{"line":8,"column":null}},"2":{"start":{"line":14,"column":2},"end":{"line":14,"column":null}},"3":{"start":{"line":20,"column":2},"end":{"line":20,"column":null}},"4":{"start":{"line":26,"column":2},"end":{"line":26,"column":null}},"5":{"start":{"line":3,"column":0},"end":{"line":3,"column":13}}},"fnMap":{},"branchMap":{},"s":{"0":1,"1":1,"2":1,"3":1,"4":1,"5":1},"f":{},"b":{}}
,"/Users/riandpratama/nestjs/nestjs-resful-api/src/Interfaces/rest/shared/docs/error-docs/error-404.doc.ts": {"path":"/Users/riandpratama/nestjs/nestjs-resful-api/src/Interfaces/rest/shared/docs/error-docs/error-404.doc.ts","statementMap":{"0":{"start":{"line":1,"column":0},"end":{"line":1,"column":46}},"1":{"start":{"line":8,"column":2},"end":{"line":8,"column":null}},"2":{"start":{"line":14,"column":2},"end":{"line":14,"column":null}},"3":{"start":{"line":20,"column":2},"end":{"line":20,"column":null}},"4":{"start":{"line":26,"column":2},"end":{"line":26,"column":null}},"5":{"start":{"line":3,"column":0},"end":{"line":3,"column":13}}},"fnMap":{},"branchMap":{},"s":{"0":1,"1":1,"2":1,"3":1,"4":1,"5":1},"f":{},"b":{}}
,"/Users/riandpratama/nestjs/nestjs-resful-api/src/Interfaces/rest/shared/docs/error-docs/error-500.doc.ts": {"path":"/Users/riandpratama/nestjs/nestjs-resful-api/src/Interfaces/rest/shared/docs/error-docs/error-500.doc.ts","statementMap":{"0":{"start":{"line":1,"column":0},"end":{"line":1,"column":46}},"1":{"start":{"line":8,"column":2},"end":{"line":8,"column":null}},"2":{"start":{"line":14,"column":2},"end":{"line":14,"column":null}},"3":{"start":{"line":20,"column":2},"end":{"line":20,"column":null}},"4":{"start":{"line":26,"column":2},"end":{"line":26,"column":null}},"5":{"start":{"line":3,"column":0},"end":{"line":3,"column":13}}},"fnMap":{},"branchMap":{},"s":{"0":1,"1":1,"2":1,"3":1,"4":1,"5":1},"f":{},"b":{}}
,"/Users/riandpratama/nestjs/nestjs-resful-api/src/Interfaces/rest/shared/dto/shared-context-entity.dto.ts": {"path":"/Users/riandpratama/nestjs/nestjs-resful-api/src/Interfaces/rest/shared/dto/shared-context-entity.dto.ts","statementMap":{"0":{"start":{"line":1,"column":0},"end":{"line":1,"column":41}},"1":{"start":{"line":2,"column":0},"end":{"line":2,"column":null}},"2":{"start":{"line":9,"column":0},"end":{"line":9,"column":54}},"3":{"start":{"line":15,"column":2},"end":{"line":15,"column":null}},"4":{"start":{"line":22,"column":2},"end":{"line":22,"column":null}},"5":{"start":{"line":21,"column":14},"end":{"line":21,"column":29}},"6":{"start":{"line":11,"column":0},"end":{"line":11,"column":13}}},"fnMap":{"0":{"name":"(anonymous_2)","decl":{"start":{"line":21,"column":8},"end":{"line":21,"column":11}},"loc":{"start":{"line":21,"column":14},"end":{"line":21,"column":29}}}},"branchMap":{},"s":{"0":1,"1":1,"2":1,"3":1,"4":1,"5":0,"6":1},"f":{"0":0},"b":{}}
,"/Users/riandpratama/nestjs/nestjs-resful-api/src/Interfaces/rest/shared/dto/shared-context.dto.ts": {"path":"/Users/riandpratama/nestjs/nestjs-resful-api/src/Interfaces/rest/shared/dto/shared-context.dto.ts","statementMap":{"0":{"start":{"line":1,"column":0},"end":{"line":1,"column":41}},"1":{"start":{"line":2,"column":0},"end":{"line":2,"column":null}},"2":{"start":{"line":9,"column":0},"end":{"line":9,"column":69}},"3":{"start":{"line":18,"column":2},"end":{"line":18,"column":null}},"4":{"start":{"line":17,"column":14},"end":{"line":17,"column":36}},"5":{"start":{"line":11,"column":0},"end":{"line":11,"column":13}}},"fnMap":{"0":{"name":"(anonymous_2)","decl":{"start":{"line":17,"column":8},"end":{"line":17,"column":11}},"loc":{"start":{"line":17,"column":14},"end":{"line":17,"column":36}}}},"branchMap":{},"s":{"0":1,"1":1,"2":1,"3":1,"4":0,"5":1},"f":{"0":0},"b":{}}
,"/Users/riandpratama/nestjs/nestjs-resful-api/src/Interfaces/rest/shared/dto/shared-params.dto.ts": {"path":"/Users/riandpratama/nestjs/nestjs-resful-api/src/Interfaces/rest/shared/dto/shared-params.dto.ts","statementMap":{"0":{"start":{"line":1,"column":0},"end":{"line":1,"column":45}},"1":{"start":{"line":5,"column":2},"end":{"line":5,"column":null}},"2":{"start":{"line":3,"column":0},"end":{"line":3,"column":13}}},"fnMap":{},"branchMap":{},"s":{"0":1,"1":1,"2":1},"f":{},"b":{}}
,"/Users/riandpratama/nestjs/nestjs-resful-api/src/application/use-cases/barbermans/v1/v1-barbermans.usecase.ts": {"path":"/Users/riandpratama/nestjs/nestjs-resful-api/src/application/use-cases/barbermans/v1/v1-barbermans.usecase.ts","statementMap":{"0":{"start":{"line":1,"column":0},"end":{"line":1,"column":65}},"1":{"start":{"line":4,"column":0},"end":{"line":4,"column":111}},"2":{"start":{"line":13,"column":0},"end":{"line":113,"column":null}},"3":{"start":{"line":15,"column":12},"end":{"line":15,"column":32}},"4":{"start":{"line":23,"column":23},"end":{"line":23,"column":88}},"5":{"start":{"line":25,"column":4},"end":{"line":27,"column":6}},"6":{"start":{"line":33,"column":40},"end":{"line":33,"column":45}},"7":{"start":{"line":34,"column":17},"end":{"line":34,"column":19}},"8":{"start":{"line":36,"column":4},"end":{"line":40,"column":null}},"9":{"start":{"line":37,"column":6},"end":{"line":39,"column":null}},"10":{"start":{"line":38,"column":8},"end":{"line":38,"column":29}},"11":{"start":{"line":42,"column":20},"end":{"line":46,"column":6}},"12":{"start":{"line":48,"column":4},"end":{"line":48,"column":49}},"13":{"start":{"line":56,"column":14},"end":{"line":56,"column":16}},"14":{"start":{"line":57,"column":17},"end":{"line":57,"column":19}},"15":{"start":{"line":59,"column":4},"end":{"line":62,"column":null}},"16":{"start":{"line":60,"column":6},"end":{"line":60,"column":null}},"17":{"start":{"line":61,"column":6},"end":{"line":61,"column":31}},"18":{"start":{"line":64,"column":4},"end":{"line":68,"column":null}},"19":{"start":{"line":65,"column":20},"end":{"line":65,"column":59}},"20":{"start":{"line":66,"column":6},"end":{"line":66,"column":45}},"21":{"start":{"line":67,"column":6},"end":{"line":67,"column":35}},"22":{"start":{"line":70,"column":4},"end":{"line":74,"column":null}},"23":{"start":{"line":71,"column":20},"end":{"line":71,"column":59}},"24":{"start":{"line":72,"column":6},"end":{"line":72,"column":43}},"25":{"start":{"line":73,"column":6},"end":{"line":73,"column":33}},"26":{"start":{"line":76,"column":4},"end":{"line":80,"column":null}},"27":{"start":{"line":77,"column":20},"end":{"line":77,"column":59}},"28":{"start":{"line":78,"column":6},"end":{"line":78,"column":61}},"29":{"start":{"line":79,"column":6},"end":{"line":79,"column":51}},"30":{"start":{"line":82,"column":4},"end":{"line":86,"column":null}},"31":{"start":{"line":83,"column":20},"end":{"line":83,"column":59}},"32":{"start":{"line":84,"column":6},"end":{"line":84,"column":55}},"33":{"start":{"line":85,"column":6},"end":{"line":85,"column":45}},"34":{"start":{"line":88,"column":4},"end":{"line":92,"column":null}},"35":{"start":{"line":89,"column":20},"end":{"line":89,"column":59}},"36":{"start":{"line":90,"column":6},"end":{"line":90,"column":47}},"37":{"start":{"line":91,"column":6},"end":{"line":91,"column":37}},"38":{"start":{"line":94,"column":4},"end":{"line":98,"column":null}},"39":{"start":{"line":95,"column":20},"end":{"line":95,"column":59}},"40":{"start":{"line":96,"column":6},"end":{"line":96,"column":43}},"41":{"start":{"line":97,"column":6},"end":{"line":97,"column":33}},"42":{"start":{"line":100,"column":4},"end":{"line":104,"column":null}},"43":{"start":{"line":101,"column":20},"end":{"line":101,"column":59}},"44":{"start":{"line":102,"column":6},"end":{"line":102,"column":43}},"45":{"start":{"line":103,"column":6},"end":{"line":103,"column":33}},"46":{"start":{"line":106,"column":20},"end":{"line":109,"column":6}},"47":{"start":{"line":111,"column":4},"end":{"line":111,"column":null}},"48":{"start":{"line":13,"column":13},"end":{"line":113,"column":null}},"49":{"start":{"line":13,"column":13},"end":{"line":13,"column":32}}},"fnMap":{"0":{"name":"(anonymous_2)","decl":{"start":{"line":14,"column":2},"end":{"line":14,"column":null}},"loc":{"start":{"line":15,"column":50},"end":{"line":17,"column":3}}},"1":{"name":"(anonymous_3)","decl":{"start":{"line":19,"column":9},"end":{"line":19,"column":14}},"loc":{"start":{"line":21,"column":28},"end":{"line":28,"column":3}}},"2":{"name":"(anonymous_4)","decl":{"start":{"line":30,"column":9},"end":{"line":30,"column":14}},"loc":{"start":{"line":31,"column":14},"end":{"line":49,"column":3}}},"3":{"name":"(anonymous_5)","decl":{"start":{"line":51,"column":9},"end":{"line":51,"column":14}},"loc":{"start":{"line":54,"column":28},"end":{"line":112,"column":3}}}},"branchMap":{"0":{"loc":{"start":{"line":36,"column":4},"end":{"line":40,"column":null}},"type":"if","locations":[{"start":{"line":36,"column":4},"end":{"line":40,"column":null}},{"start":{"line":36,"column":4},"end":{"line":40,"column":null}}]},"1":{"loc":{"start":{"line":37,"column":6},"end":{"line":39,"column":null}},"type":"if","locations":[{"start":{"line":37,"column":6},"end":{"line":39,"column":null}},{"start":{"line":37,"column":6},"end":{"line":39,"column":null}}]},"2":{"loc":{"start":{"line":43,"column":29},"end":{"line":43,"column":57}},"type":"cond-expr","locations":[{"start":{"line":43,"column":29},"end":{"line":43,"column":57}},{"start":{"line":43,"column":60},"end":{"line":43,"column":62}}]},"3":{"loc":{"start":{"line":43,"column":12},"end":{"line":43,"column":16}},"type":"binary-expr","locations":[{"start":{"line":43,"column":12},"end":{"line":43,"column":16}},{"start":{"line":43,"column":20},"end":{"line":43,"column":26}}]},"4":{"loc":{"start":{"line":59,"column":4},"end":{"line":62,"column":null}},"type":"if","locations":[{"start":{"line":59,"column":4},"end":{"line":62,"column":null}},{"start":{"line":59,"column":4},"end":{"line":62,"column":null}}]},"5":{"loc":{"start":{"line":64,"column":4},"end":{"line":68,"column":null}},"type":"if","locations":[{"start":{"line":64,"column":4},"end":{"line":68,"column":null}},{"start":{"line":64,"column":4},"end":{"line":68,"column":null}}]},"6":{"loc":{"start":{"line":65,"column":51},"end":{"line":65,"column":54}},"type":"cond-expr","locations":[{"start":{"line":65,"column":51},"end":{"line":65,"column":54}},{"start":{"line":65,"column":57},"end":{"line":65,"column":59}}]},"7":{"loc":{"start":{"line":70,"column":4},"end":{"line":74,"column":null}},"type":"if","locations":[{"start":{"line":70,"column":4},"end":{"line":74,"column":null}},{"start":{"line":70,"column":4},"end":{"line":74,"column":null}}]},"8":{"loc":{"start":{"line":71,"column":51},"end":{"line":71,"column":54}},"type":"cond-expr","locations":[{"start":{"line":71,"column":51},"end":{"line":71,"column":54}},{"start":{"line":71,"column":57},"end":{"line":71,"column":59}}]},"9":{"loc":{"start":{"line":76,"column":4},"end":{"line":80,"column":null}},"type":"if","locations":[{"start":{"line":76,"column":4},"end":{"line":80,"column":null}},{"start":{"line":76,"column":4},"end":{"line":80,"column":null}}]},"10":{"loc":{"start":{"line":77,"column":51},"end":{"line":77,"column":54}},"type":"cond-expr","locations":[{"start":{"line":77,"column":51},"end":{"line":77,"column":54}},{"start":{"line":77,"column":57},"end":{"line":77,"column":59}}]},"11":{"loc":{"start":{"line":82,"column":4},"end":{"line":86,"column":null}},"type":"if","locations":[{"start":{"line":82,"column":4},"end":{"line":86,"column":null}},{"start":{"line":82,"column":4},"end":{"line":86,"column":null}}]},"12":{"loc":{"start":{"line":83,"column":51},"end":{"line":83,"column":54}},"type":"cond-expr","locations":[{"start":{"line":83,"column":51},"end":{"line":83,"column":54}},{"start":{"line":83,"column":57},"end":{"line":83,"column":59}}]},"13":{"loc":{"start":{"line":88,"column":4},"end":{"line":92,"column":null}},"type":"if","locations":[{"start":{"line":88,"column":4},"end":{"line":92,"column":null}},{"start":{"line":88,"column":4},"end":{"line":92,"column":null}}]},"14":{"loc":{"start":{"line":89,"column":51},"end":{"line":89,"column":54}},"type":"cond-expr","locations":[{"start":{"line":89,"column":51},"end":{"line":89,"column":54}},{"start":{"line":89,"column":57},"end":{"line":89,"column":59}}]},"15":{"loc":{"start":{"line":94,"column":4},"end":{"line":98,"column":null}},"type":"if","locations":[{"start":{"line":94,"column":4},"end":{"line":98,"column":null}},{"start":{"line":94,"column":4},"end":{"line":98,"column":null}}]},"16":{"loc":{"start":{"line":95,"column":51},"end":{"line":95,"column":54}},"type":"cond-expr","locations":[{"start":{"line":95,"column":51},"end":{"line":95,"column":54}},{"start":{"line":95,"column":57},"end":{"line":95,"column":59}}]},"17":{"loc":{"start":{"line":100,"column":4},"end":{"line":104,"column":null}},"type":"if","locations":[{"start":{"line":100,"column":4},"end":{"line":104,"column":null}},{"start":{"line":100,"column":4},"end":{"line":104,"column":null}}]},"18":{"loc":{"start":{"line":101,"column":51},"end":{"line":101,"column":54}},"type":"cond-expr","locations":[{"start":{"line":101,"column":51},"end":{"line":101,"column":54}},{"start":{"line":101,"column":57},"end":{"line":101,"column":59}}]}},"s":{"0":2,"1":2,"2":2,"3":4,"4":2,"5":2,"6":0,"7":0,"8":0,"9":0,"10":0,"11":0,"12":0,"13":0,"14":0,"15":0,"16":0,"17":0,"18":0,"19":0,"20":0,"21":0,"22":0,"23":0,"24":0,"25":0,"26":0,"27":0,"28":0,"29":0,"30":0,"31":0,"32":0,"33":0,"34":0,"35":0,"36":0,"37":0,"38":0,"39":0,"40":0,"41":0,"42":0,"43":0,"44":0,"45":0,"46":0,"47":0,"48":2,"49":2},"f":{"0":4,"1":2,"2":0,"3":0},"b":{"0":[0,0],"1":[0,0],"2":[0,0],"3":[0,0],"4":[0,0],"5":[0,0],"6":[0,0],"7":[0,0],"8":[0,0],"9":[0,0],"10":[0,0],"11":[0,0],"12":[0,0],"13":[0,0],"14":[0,0],"15":[0,0],"16":[0,0],"17":[0,0],"18":[0,0]}}
,"/Users/riandpratama/nestjs/nestjs-resful-api/src/infrastructure/constants/dictionary.constant.ts": {"path":"/Users/riandpratama/nestjs/nestjs-resful-api/src/infrastructure/constants/dictionary.constant.ts","statementMap":{"0":{"start":{"line":1,"column":13},"end":{"line":1,"column":56}}},"fnMap":{},"branchMap":{},"s":{"0":1},"f":{},"b":{}}
,"/Users/riandpratama/nestjs/nestjs-resful-api/src/infrastructure/constants/general.constant.ts": {"path":"/Users/riandpratama/nestjs/nestjs-resful-api/src/infrastructure/constants/general.constant.ts","statementMap":{"0":{"start":{"line":2,"column":13},"end":{"line":2,"column":33}},"1":{"start":{"line":4,"column":13},"end":{"line":4,"column":35}},"2":{"start":{"line":6,"column":13},"end":{"line":6,"column":29}},"3":{"start":{"line":7,"column":13},"end":{"line":7,"column":45}},"4":{"start":{"line":8,"column":13},"end":{"line":8,"column":41}},"5":{"start":{"line":9,"column":13},"end":{"line":9,"column":33}},"6":{"start":{"line":10,"column":13},"end":{"line":10,"column":33}},"7":{"start":{"line":11,"column":13},"end":{"line":11,"column":27}},"8":{"start":{"line":12,"column":13},"end":{"line":12,"column":39}},"9":{"start":{"line":14,"column":13},"end":{"line":14,"column":23}},"10":{"start":{"line":15,"column":13},"end":{"line":15,"column":23}},"11":{"start":{"line":16,"column":13},"end":{"line":16,"column":27}}},"fnMap":{},"branchMap":{},"s":{"0":2,"1":2,"2":2,"3":2,"4":2,"5":2,"6":2,"7":2,"8":2,"9":2,"10":2,"11":2},"f":{},"b":{}}
,"/Users/riandpratama/nestjs/nestjs-resful-api/src/infrastructure/database/postgres/medea-db/services/barbermans.service.ts": {"path":"/Users/riandpratama/nestjs/nestjs-resful-api/src/infrastructure/database/postgres/medea-db/services/barbermans.service.ts","statementMap":{"0":{"start":{"line":1,"column":0},"end":{"line":1,"column":73}},"1":{"start":{"line":3,"column":0},"end":{"line":3,"column":34}},"2":{"start":{"line":6,"column":0},"end":{"line":6,"column":73}},"3":{"start":{"line":13,"column":0},"end":{"line":141,"column":null}},"4":{"start":{"line":16,"column":21},"end":{"line":16,"column":null}},"5":{"start":{"line":23,"column":4},"end":{"line":52,"column":null}},"6":{"start":{"line":24,"column":24},"end":{"line":45,"column":null}},"7":{"start":{"line":48,"column":6},"end":{"line":48,"column":63}},"8":{"start":{"line":51,"column":5},"end":{"line":51,"column":20}},"9":{"start":{"line":56,"column":4},"end":{"line":76,"column":6}},"10":{"start":{"line":82,"column":17},"end":{"line":105,"column":8}},"11":{"start":{"line":107,"column":6},"end":{"line":109,"column":8}},"12":{"start":{"line":117,"column":22},"end":{"line":130,"column":null}},"13":{"start":{"line":133,"column":4},"end":{"line":139,"column":null}},"14":{"start":{"line":134,"column":19},"end":{"line":134,"column":34}},"15":{"start":{"line":136,"column":6},"end":{"line":136,"column":58}},"16":{"start":{"line":138,"column":6},"end":{"line":138,"column":18}},"17":{"start":{"line":13,"column":13},"end":{"line":141,"column":null}},"18":{"start":{"line":13,"column":13},"end":{"line":13,"column":31}}},"fnMap":{"0":{"name":"(anonymous_4)","decl":{"start":{"line":14,"column":2},"end":{"line":14,"column":null}},"loc":{"start":{"line":16,"column":30},"end":{"line":17,"column":6}}},"1":{"name":"(anonymous_5)","decl":{"start":{"line":19,"column":2},"end":{"line":19,"column":7}},"loc":{"start":{"line":21,"column":28},"end":{"line":53,"column":3}}},"2":{"name":"(anonymous_6)","decl":{"start":{"line":55,"column":2},"end":{"line":55,"column":7}},"loc":{"start":{"line":55,"column":56},"end":{"line":77,"column":3}}},"3":{"name":"(anonymous_7)","decl":{"start":{"line":79,"column":2},"end":{"line":79,"column":7}},"loc":{"start":{"line":80,"column":26},"end":{"line":110,"column":3}}},"4":{"name":"(anonymous_8)","decl":{"start":{"line":112,"column":2},"end":{"line":112,"column":7}},"loc":{"start":{"line":115,"column":28},"end":{"line":140,"column":3}}}},"branchMap":{"0":{"loc":{"start":{"line":133,"column":4},"end":{"line":139,"column":null}},"type":"if","locations":[{"start":{"line":133,"column":4},"end":{"line":139,"column":null}},{"start":{"line":133,"column":4},"end":{"line":139,"column":null}}]}},"s":{"0":2,"1":2,"2":2,"3":2,"4":0,"5":0,"6":0,"7":0,"8":0,"9":0,"10":0,"11":0,"12":0,"13":0,"14":0,"15":0,"16":0,"17":2,"18":2},"f":{"0":0,"1":0,"2":0,"3":0,"4":0},"b":{"0":[0,0]}}
,"/Users/riandpratama/nestjs/nestjs-resful-api/src/infrastructure/helper/generate-meta.ts": {"path":"/Users/riandpratama/nestjs/nestjs-resful-api/src/infrastructure/helper/generate-meta.ts","statementMap":{"0":{"start":{"line":2,"column":2},"end":{"line":6,"column":4}},"1":{"start":{"line":1,"column":0},"end":{"line":1,"column":16}}},"fnMap":{"0":{"name":"generateMeta","decl":{"start":{"line":1,"column":16},"end":{"line":1,"column":28}},"loc":{"start":{"line":1,"column":74},"end":{"line":7,"column":1}}}},"branchMap":{},"s":{"0":4,"1":1},"f":{"0":4},"b":{}}
,"/Users/riandpratama/nestjs/nestjs-resful-api/src/infrastructure/middleware/error-handler.ts": {"path":"/Users/riandpratama/nestjs/nestjs-resful-api/src/infrastructure/middleware/error-handler.ts","statementMap":{"0":{"start":{"line":1,"column":0},"end":{"line":1,"column":41}},"1":{"start":{"line":5,"column":4},"end":{"line":5,"column":17}},"2":{"start":{"line":8,"column":4},"end":{"line":65,"column":null}},"3":{"start":{"line":10,"column":8},"end":{"line":10,"column":60}},"4":{"start":{"line":13,"column":8},"end":{"line":13,"column":62}},"5":{"start":{"line":16,"column":8},"end":{"line":16,"column":59}},"6":{"start":{"line":19,"column":8},"end":{"line":19,"column":58}},"7":{"start":{"line":22,"column":8},"end":{"line":22,"column":66}},"8":{"start":{"line":25,"column":8},"end":{"line":25,"column":63}},"9":{"start":{"line":28,"column":8},"end":{"line":28,"column":64}},"10":{"start":{"line":31,"column":8},"end":{"line":31,"column":58}},"11":{"start":{"line":34,"column":8},"end":{"line":34,"column":54}},"12":{"start":{"line":37,"column":8},"end":{"line":37,"column":68}},"13":{"start":{"line":40,"column":8},"end":{"line":40,"column":65}},"14":{"start":{"line":43,"column":8},"end":{"line":43,"column":70}},"15":{"start":{"line":46,"column":8},"end":{"line":46,"column":69}},"16":{"start":{"line":49,"column":8},"end":{"line":49,"column":64}},"17":{"start":{"line":52,"column":8},"end":{"line":52,"column":60}},"18":{"start":{"line":55,"column":8},"end":{"line":55,"column":68}},"19":{"start":{"line":58,"column":8},"end":{"line":58,"column":64}},"20":{"start":{"line":61,"column":8},"end":{"line":61,"column":73}},"21":{"start":{"line":64,"column":8},"end":{"line":64,"column":90}},"22":{"start":{"line":3,"column":0},"end":{"line":3,"column":13}}},"fnMap":{"0":{"name":"(anonymous_0)","decl":{"start":{"line":4,"column":2},"end":{"line":4,"column":14}},"loc":{"start":{"line":4,"column":19},"end":{"line":66,"column":3}}}},"branchMap":{"0":{"loc":{"start":{"line":9,"column":6},"end":{"line":10,"column":60}},"type":"switch","locations":[{"start":{"line":9,"column":6},"end":{"line":10,"column":60}},{"start":{"line":12,"column":6},"end":{"line":13,"column":62}},{"start":{"line":15,"column":6},"end":{"line":16,"column":59}},{"start":{"line":18,"column":6},"end":{"line":19,"column":58}},{"start":{"line":21,"column":6},"end":{"line":22,"column":66}},{"start":{"line":24,"column":6},"end":{"line":25,"column":63}},{"start":{"line":27,"column":6},"end":{"line":28,"column":64}},{"start":{"line":30,"column":6},"end":{"line":31,"column":58}},{"start":{"line":33,"column":6},"end":{"line":34,"column":54}},{"start":{"line":36,"column":6},"end":{"line":37,"column":68}},{"start":{"line":39,"column":6},"end":{"line":40,"column":65}},{"start":{"line":42,"column":6},"end":{"line":43,"column":70}},{"start":{"line":45,"column":6},"end":{"line":46,"column":69}},{"start":{"line":48,"column":6},"end":{"line":49,"column":64}},{"start":{"line":51,"column":6},"end":{"line":52,"column":60}},{"start":{"line":54,"column":6},"end":{"line":55,"column":68}},{"start":{"line":57,"column":6},"end":{"line":58,"column":64}},{"start":{"line":60,"column":6},"end":{"line":61,"column":73}},{"start":{"line":63,"column":6},"end":{"line":64,"column":90}}]}},"s":{"0":1,"1":2,"2":2,"3":0,"4":0,"5":0,"6":0,"7":0,"8":0,"9":0,"10":0,"11":0,"12":0,"13":0,"14":0,"15":0,"16":0,"17":0,"18":0,"19":0,"20":0,"21":2,"22":1},"f":{"0":2},"b":{"0":[0,0,0,0,0,0,0,0,0,0,0,0,0,0,0,0,0,0,2]}}
}
