TN:
SF:src/Interfaces/rest/barbermans/v1/barbermans/v1-barbermans.controller.ts
FN:32,(anonymous_4)
FN:43,(anonymous_5)
FN:66,(anonymous_6)
FN:89,(anonymous_7)
FNF:4
FNH:3
FNDA:7,(anonymous_4)
FNDA:3,(anonymous_5)
FNDA:3,(anonymous_6)
FNDA:0,(anonymous_7)
DA:1,1
DA:13,1
DA:14,1
DA:15,1
DA:16,1
DA:20,1
DA:21,1
DA:22,1
DA:23,1
DA:24,1
DA:25,1
DA:31,1
DA:33,7
DA:34,7
DA:43,1
DA:47,3
DA:48,3
DA:53,2
DA:55,1
DA:66,1
DA:67,3
DA:68,3
DA:69,2
DA:77,1
DA:89,1
DA:93,0
DA:94,0
DA:95,0
DA:97,0
DA:99,0
LF:30
LH:25
BRF:0
BRH:0
end_of_record
TN:
SF:src/Interfaces/rest/barbermans/v1/barbermans/v1-barbermans.transformer.ts
FN:7,(anonymous_0)
FN:25,(anonymous_1)
FN:29,(anonymous_2)
FNF:3
FNH:3
FNDA:2,(anonymous_0)
FNDA:2,(anonymous_1)
FNDA:2,(anonymous_2)
DA:1,1
DA:6,1
DA:8,2
DA:19,2
DA:29,2
DA:42,2
LF:6
LH:6
BRF:0
BRH:0
end_of_record
TN:
SF:src/Interfaces/rest/barbermans/v1/barbermans/docs/barbermans-response-data.doc.ts
FNF:0
FNH:0
DA:1,1
DA:3,1
DA:7,1
DA:12,1
DA:17,1
DA:22,1
DA:27,1
DA:32,1
DA:37,1
DA:42,1
LF:10
LH:10
BRF:0
BRH:0
end_of_record
TN:
SF:src/Interfaces/rest/barbermans/v1/barbermans/docs/success-barbermans-find.doc.ts
FN:8,(anonymous_2)
FN:14,(anonymous_3)
FNF:2
FNH:0
FNDA:0,(anonymous_2)
FNDA:0,(anonymous_3)
DA:1,1
DA:2,1
DA:3,1
DA:5,1
DA:8,0
DA:10,1
DA:14,0
DA:16,1
LF:8
LH:6
BRF:0
BRH:0
end_of_record
TN:
SF:src/Interfaces/rest/barbermans/v1/barbermans/docs/success-barbermans-update.doc.ts
FN:8,(anonymous_2)
FN:14,(anonymous_3)
FNF:2
FNH:0
FNDA:0,(anonymous_2)
FNDA:0,(anonymous_3)
DA:1,1
DA:2,1
DA:3,1
DA:5,1
DA:8,0
DA:10,1
DA:14,0
DA:16,1
LF:8
LH:6
BRF:0
BRH:0
end_of_record
TN:
SF:src/Interfaces/rest/barbermans/v1/barbermans/dto/v1-barbermans-create.dto.ts
FNF:0
FNH:0
DA:1,1
DA:2,1
DA:10,1
DA:12,1
DA:20,1
DA:31,1
DA:40,1
DA:49,1
DA:58,1
DA:67,1
DA:77,1
DA:86,1
LF:12
LH:12
BRF:0
BRH:0
end_of_record
TN:
SF:src/Interfaces/rest/barbermans/v1/barbermans/dto/v1-barbermans-update.dto.ts
FNF:0
FNH:0
DA:1,1
DA:2,1
DA:10,1
DA:12,1
DA:20,1
DA:29,1
DA:40,1
DA:49,1
DA:58,1
DA:67,1
DA:76,1
DA:86,1
DA:95,1
LF:13
LH:13
BRF:0
BRH:0
end_of_record
TN:
SF:src/Interfaces/rest/barbermans/v1/barbermans/dto/v1-barbermas-find.dto.ts
FNF:0
FNH:0
DA:1,1
DA:2,1
DA:9,1
DA:10,1
DA:12,1
DA:14,1
DA:22,1
DA:31,1
DA:42,1
DA:53,1
LF:10
LH:10
BRF:0
BRH:0
end_of_record
TN:
SF:src/Interfaces/rest/shared/docs/meta.doc.ts
FNF:0
FNH:0
DA:1,1
DA:3,1
DA:8,1
DA:14,1
DA:20,1
LF:5
LH:5
BRF:0
BRH:0
end_of_record
TN:
SF:src/Interfaces/rest/shared/docs/decorator-compose/global-docs.decorator.ts
FN:11,GlobalDocs
FNF:1
FNH:1
FNDA:3,GlobalDocs
DA:1,1
DA:2,1
DA:3,1
DA:4,1
DA:5,1
DA:6,1
DA:7,1
DA:11,1
DA:12,3
LF:9
LH:9
BRDA:14,0,0,3
BRDA:14,0,1,0
BRDA:14,1,0,3
BRDA:14,1,1,3
BRF:4
BRH:3
end_of_record
TN:
SF:src/Interfaces/rest/shared/docs/error-docs/error-400.doc.ts
FNF:0
FNH:0
DA:1,1
DA:3,1
DA:8,1
DA:14,1
DA:20,1
DA:26,1
LF:6
LH:6
BRF:0
BRH:0
end_of_record
TN:
SF:src/Interfaces/rest/shared/docs/error-docs/error-401.doc.ts
FNF:0
FNH:0
DA:1,1
DA:3,1
DA:8,1
DA:14,1
DA:20,1
DA:26,1
LF:6
LH:6
BRF:0
BRH:0
end_of_record
TN:
SF:src/Interfaces/rest/shared/docs/error-docs/error-403.doc.ts
FNF:0
FNH:0
DA:1,1
DA:3,1
DA:8,1
DA:14,1
DA:20,1
DA:26,1
LF:6
LH:6
BRF:0
BRH:0
end_of_record
TN:
SF:src/Interfaces/rest/shared/docs/error-docs/error-404.doc.ts
FNF:0
FNH:0
DA:1,1
DA:3,1
DA:8,1
DA:14,1
DA:20,1
DA:26,1
LF:6
LH:6
BRF:0
BRH:0
end_of_record
TN:
SF:src/Interfaces/rest/shared/docs/error-docs/error-500.doc.ts
FNF:0
FNH:0
DA:1,1
DA:3,1
DA:8,1
DA:14,1
DA:20,1
DA:26,1
LF:6
LH:6
BRF:0
BRH:0
end_of_record
TN:
SF:src/Interfaces/rest/shared/dto/shared-context-entity.dto.ts
FN:21,(anonymous_2)
FNF:1
FNH:0
FNDA:0,(anonymous_2)
DA:1,1
DA:2,1
DA:9,1
DA:11,1
DA:15,1
DA:21,0
DA:22,1
LF:7
LH:6
BRF:0
BRH:0
end_of_record
TN:
SF:src/Interfaces/rest/shared/dto/shared-context.dto.ts
FN:17,(anonymous_2)
FNF:1
FNH:0
FNDA:0,(anonymous_2)
DA:1,1
DA:2,1
DA:9,1
DA:11,1
DA:17,0
DA:18,1
LF:6
LH:5
BRF:0
BRH:0
end_of_record
TN:
SF:src/Interfaces/rest/shared/dto/shared-params.dto.ts
FNF:0
FNH:0
DA:1,1
DA:3,1
DA:5,1
LF:3
LH:3
BRF:0
BRH:0
end_of_record
TN:
SF:src/application/use-cases/barbermans/v1/v1-barbermans.usecase.ts
FN:14,(anonymous_2)
FN:19,(anonymous_3)
FN:30,(anonymous_4)
FN:51,(anonymous_5)
FNF:4
FNH:2
FNDA:4,(anonymous_2)
FNDA:2,(anonymous_3)
FNDA:0,(anonymous_4)
FNDA:0,(anonymous_5)
DA:1,2
DA:4,2
DA:13,2
DA:15,4
DA:23,2
DA:25,2
DA:33,0
DA:34,0
DA:36,0
DA:37,0
DA:38,0
DA:42,0
DA:48,0
DA:56,0
DA:57,0
DA:59,0
DA:60,0
DA:61,0
DA:64,0
DA:65,0
DA:66,0
DA:67,0
DA:70,0
DA:71,0
DA:72,0
DA:73,0
DA:76,0
DA:77,0
DA:78,0
DA:79,0
DA:82,0
DA:83,0
DA:84,0
DA:85,0
DA:88,0
DA:89,0
DA:90,0
DA:91,0
DA:94,0
DA:95,0
DA:96,0
DA:97,0
DA:100,0
DA:101,0
DA:102,0
DA:103,0
DA:106,0
DA:111,0
LF:48
LH:6
BRDA:36,0,0,0
BRDA:36,0,1,0
BRDA:37,1,0,0
BRDA:37,1,1,0
BRDA:43,2,0,0
BRDA:43,2,1,0
BRDA:43,3,0,0
BRDA:43,3,1,0
BRDA:59,4,0,0
BRDA:59,4,1,0
BRDA:64,5,0,0
BRDA:64,5,1,0
BRDA:65,6,0,0
BRDA:65,6,1,0
BRDA:70,7,0,0
BRDA:70,7,1,0
BRDA:71,8,0,0
BRDA:71,8,1,0
BRDA:76,9,0,0
BRDA:76,9,1,0
BRDA:77,10,0,0
BRDA:77,10,1,0
BRDA:82,11,0,0
BRDA:82,11,1,0
BRDA:83,12,0,0
BRDA:83,12,1,0
BRDA:88,13,0,0
BRDA:88,13,1,0
BRDA:89,14,0,0
BRDA:89,14,1,0
BRDA:94,15,0,0
BRDA:94,15,1,0
BRDA:95,16,0,0
BRDA:95,16,1,0
BRDA:100,17,0,0
BRDA:100,17,1,0
BRDA:101,18,0,0
BRDA:101,18,1,0
BRF:38
BRH:0
end_of_record
TN:
SF:src/infrastructure/constants/dictionary.constant.ts
FNF:0
FNH:0
DA:1,1
LF:1
LH:1
BRF:0
BRH:0
end_of_record
TN:
SF:src/infrastructure/constants/general.constant.ts
FNF:0
FNH:0
DA:2,2
DA:4,2
DA:6,2
DA:7,2
DA:8,2
DA:9,2
DA:10,2
DA:11,2
DA:12,2
DA:14,2
DA:15,2
DA:16,2
LF:12
LH:12
BRF:0
BRH:0
end_of_record
TN:
SF:src/infrastructure/database/postgres/medea-db/services/barbermans.service.ts
FN:14,(anonymous_4)
FN:19,(anonymous_5)
FN:55,(anonymous_6)
FN:79,(anonymous_7)
FN:112,(anonymous_8)
FNF:5
FNH:0
FNDA:0,(anonymous_4)
FNDA:0,(anonymous_5)
FNDA:0,(anonymous_6)
FNDA:0,(anonymous_7)
FNDA:0,(anonymous_8)
DA:1,2
DA:3,2
DA:6,2
DA:13,2
DA:16,0
DA:23,0
DA:24,0
DA:48,0
DA:51,0
DA:56,0
DA:82,0
DA:107,0
DA:117,0
DA:133,0
DA:134,0
DA:136,0
DA:138,0
LF:17
LH:4
BRDA:133,0,0,0
BRDA:133,0,1,0
BRF:2
BRH:0
end_of_record
TN:
SF:src/infrastructure/helper/generate-meta.ts
FN:1,generateMeta
FNF:1
FNH:1
FNDA:4,generateMeta
DA:1,1
DA:2,4
LF:2
LH:2
BRF:0
BRH:0
end_of_record
TN:
SF:src/infrastructure/middleware/error-handler.ts
FN:4,(anonymous_0)
FNF:1
FNH:1
FNDA:2,(anonymous_0)
DA:1,1
DA:3,1
DA:5,2
DA:8,2
DA:10,0
DA:13,0
DA:16,0
DA:19,0
DA:22,0
DA:25,0
DA:28,0
DA:31,0
DA:34,0
DA:37,0
DA:40,0
DA:43,0
DA:46,0
DA:49,0
DA:52,0
DA:55,0
DA:58,0
DA:61,0
DA:64,2
LF:23
LH:5
BRDA:9,0,0,0
BRDA:9,0,1,0
BRDA:9,0,2,0
BRDA:9,0,3,0
BRDA:9,0,4,0
BRDA:9,0,5,0
BRDA:9,0,6,0
BRDA:9,0,7,0
BRDA:9,0,8,0
BRDA:9,0,9,0
BRDA:9,0,10,0
BRDA:9,0,11,0
BRDA:9,0,12,0
BRDA:9,0,13,0
BRDA:9,0,14,0
BRDA:9,0,15,0
BRDA:9,0,16,0
BRDA:9,0,17,0
BRDA:9,0,18,2
BRF:19
BRH:1
end_of_record
