TN:
SF:src\Interfaces\rest\barbermans\v1\barbermans\v1-barbermans.controller.ts
FN:25,(anonymous_4)
FN:36,(anonymous_5)
FNF:2
FNH:2
FNDA:4,(anonymous_4)
FNDA:3,(anonymous_5)
DA:1,1
DA:12,1
DA:13,1
DA:14,1
DA:15,1
DA:18,1
DA:19,1
DA:24,1
DA:26,4
DA:27,4
DA:36,1
DA:40,3
DA:41,3
DA:46,2
DA:48,1
LF:15
LH:15
BRF:0
BRH:0
end_of_record
TN:
SF:src\Interfaces\rest\barbermans\v1\barbermans\v1-barbermans.transofrmer.ts
FN:7,(anonymous_0)
FNF:1
FNH:1
FNDA:2,(anonymous_0)
DA:1,1
DA:6,1
DA:8,2
DA:19,2
LF:4
LH:4
BRF:0
BRH:0
end_of_record
TN:
SF:src\Interfaces\rest\barbermans\v1\barbermans\dto\v1-barbermans-create.dto.ts
FNF:0
FNH:0
DA:1,1
DA:2,1
DA:13,1
DA:15,1
DA:23,1
DA:34,1
DA:43,1
DA:52,1
DA:61,1
DA:70,1
DA:80,1
DA:89,1
LF:12
LH:12
BRF:0
BRH:0
end_of_record
TN:
SF:src\Interfaces\rest\shared\docs\decorator-compose\global-docs.decorator.ts
FN:11,GlobalDocs
FNF:1
FNH:1
FNDA:1,GlobalDocs
DA:1,1
DA:2,1
DA:3,1
DA:4,1
DA:5,1
DA:6,1
DA:7,1
DA:11,1
DA:12,1
LF:9
LH:9
BRDA:14,0,0,1
BRDA:14,0,1,0
BRDA:14,1,0,1
BRDA:14,1,1,1
BRF:4
BRH:3
end_of_record
TN:
SF:src\Interfaces\rest\shared\docs\error-docs\error-400.doc.ts
FNF:0
FNH:0
DA:1,1
DA:3,1
DA:8,1
DA:14,1
DA:20,1
DA:26,1
LF:6
LH:6
BRF:0
BRH:0
end_of_record
TN:
SF:src\Interfaces\rest\shared\docs\error-docs\error-401.doc.ts
FNF:0
FNH:0
DA:1,1
DA:3,1
DA:8,1
DA:14,1
DA:20,1
DA:26,1
LF:6
LH:6
BRF:0
BRH:0
end_of_record
TN:
SF:src\Interfaces\rest\shared\docs\error-docs\error-403.doc.ts
FNF:0
FNH:0
DA:1,1
DA:3,1
DA:8,1
DA:14,1
DA:20,1
DA:26,1
LF:6
LH:6
BRF:0
BRH:0
end_of_record
TN:
SF:src\Interfaces\rest\shared\docs\error-docs\error-404.doc.ts
FNF:0
FNH:0
DA:1,1
DA:3,1
DA:8,1
DA:14,1
DA:20,1
DA:26,1
LF:6
LH:6
BRF:0
BRH:0
end_of_record
TN:
SF:src\Interfaces\rest\shared\docs\error-docs\error-500.doc.ts
FNF:0
FNH:0
DA:1,1
DA:3,1
DA:8,1
DA:14,1
DA:20,1
DA:26,1
LF:6
LH:6
BRF:0
BRH:0
end_of_record
TN:
SF:src\Interfaces\rest\shared\dto\shared-context-entity.dto.ts
FN:21,(anonymous_2)
FNF:1
FNH:0
FNDA:0,(anonymous_2)
DA:1,1
DA:2,1
DA:9,1
DA:11,1
DA:15,1
DA:21,0
DA:22,1
LF:7
LH:6
BRF:0
BRH:0
end_of_record
TN:
SF:src\Interfaces\rest\shared\dto\shared-context.dto.ts
FN:17,(anonymous_2)
FNF:1
FNH:0
FNDA:0,(anonymous_2)
DA:1,1
DA:2,1
DA:9,1
DA:11,1
DA:17,0
DA:18,1
LF:6
LH:5
BRF:0
BRH:0
end_of_record
TN:
SF:src\Interfaces\rest\shared\dto\shared-params.dto.ts
FNF:0
FNH:0
DA:1,1
DA:3,1
DA:5,1
LF:3
LH:3
BRF:0
BRH:0
end_of_record
TN:
SF:src\application\use-cases\barbermans\v1\v1-barbermans.usecase.ts
FN:13,(anonymous_2)
FN:18,(anonymous_3)
FNF:2
FNH:2
FNDA:4,(anonymous_2)
FNDA:2,(anonymous_3)
DA:1,2
DA:4,2
DA:12,2
DA:14,4
DA:22,2
DA:24,2
LF:6
LH:6
BRF:0
BRH:0
end_of_record
TN:
SF:src\infrastructure\constants\general.constant.ts
FNF:0
FNH:0
DA:2,2
DA:4,2
DA:6,2
DA:7,2
DA:8,2
DA:9,2
DA:10,2
DA:11,2
DA:12,2
DA:14,2
DA:15,2
DA:16,2
LF:12
LH:12
BRF:0
BRH:0
end_of_record
TN:
SF:src\infrastructure\database\postgres\medea-db\services\barbermans.service.ts
FN:12,(anonymous_4)
FN:17,(anonymous_5)
FN:53,(anonymous_6)
FNF:3
FNH:0
FNDA:0,(anonymous_4)
FNDA:0,(anonymous_5)
FNDA:0,(anonymous_6)
DA:1,2
DA:3,2
DA:6,2
DA:11,2
DA:14,0
DA:21,0
DA:22,0
DA:46,0
DA:49,0
DA:54,0
LF:10
LH:4
BRF:0
BRH:0
end_of_record
TN:
SF:src\infrastructure\helper\generate-meta.ts
FN:1,generateMeta
FNF:1
FNH:1
FNDA:2,generateMeta
DA:1,1
DA:2,2
LF:2
LH:2
BRF:0
BRH:0
end_of_record
TN:
SF:src\infrastructure\middleware\error-handler.ts
FN:4,(anonymous_0)
FNF:1
FNH:1
FNDA:1,(anonymous_0)
DA:1,1
DA:3,1
DA:5,1
DA:8,1
DA:10,0
DA:13,0
DA:16,0
DA:19,0
DA:22,0
DA:25,0
DA:28,0
DA:31,0
DA:34,0
DA:37,0
DA:40,0
DA:43,0
DA:46,0
DA:49,0
DA:52,0
DA:55,0
DA:58,0
DA:61,0
DA:64,1
LF:23
LH:5
BRDA:9,0,0,0
BRDA:9,0,1,0
BRDA:9,0,2,0
BRDA:9,0,3,0
BRDA:9,0,4,0
BRDA:9,0,5,0
BRDA:9,0,6,0
BRDA:9,0,7,0
BRDA:9,0,8,0
BRDA:9,0,9,0
BRDA:9,0,10,0
BRDA:9,0,11,0
BRDA:9,0,12,0
BRDA:9,0,13,0
BRDA:9,0,14,0
BRDA:9,0,15,0
BRDA:9,0,16,0
BRDA:9,0,17,0
BRDA:9,0,18,1
BRF:19
BRH:1
end_of_record
